<?xml version="1.0" encoding="UTF-8" ?>
<testsuite tests="1" failures="1" name="runner.TestRunner" time="6.315" errors="0" skipped="0">
  <properties>
[...]
</properties>
  <testcase classname="Complex test" name="personal area test" time="6.315">
    <failure message="Element should be visible {head &gt; title:nth-child(2)}
Element: &apos;&lt;title displayed:false&gt;&lt;/title&gt;&apos;" type="Element should be visible {head &gt; title">Element should be visible {head &gt; title:nth-child(2)}
Element: &apos;&lt;title displayed:false&gt;&lt;/title&gt;&apos;
Screenshot: file:/home/vitaliy/IdeaProjects/selenoidTest/build/reports/tests/1564774624760.0.png
Page source: file:/home/vitaliy/IdeaProjects/selenoidTest/build/reports/tests/1564774624760.0.html
Timeout: 4 s.
	at com.codeborne.selenide.impl.WebElementSource.checkCondition(WebElementSource.java:72)
	at com.codeborne.selenide.commands.Should.execute(Should.java:24)
	at com.codeborne.selenide.commands.Should.execute(Should.java:10)
	at com.codeborne.selenide.commands.Commands.execute(Commands.java:144)
	at com.codeborne.selenide.impl.SelenideElementProxy.dispatchAndRetry(SelenideElementProxy.java:99)
	at com.codeborne.selenide.impl.SelenideElementProxy.invoke(SelenideElementProxy.java:65)
	at com.sun.proxy.$Proxy15.shouldBe(Unknown Source)
	at steps.MyStepdefs.iCheckTitlePage(MyStepdefs.java:19)
	at ✽.I check title page &quot;ТендерПро&quot;(file:src/test/resources/prodTest.feature:5)
</failure>
    <system-err>авг 02, 2019 10:36:58 PM com.codeborne.selenide.drivercommands.LazyDriver getAndCheckWebDriver
INFO: No webdriver is bound to current thread: 1 - let&apos;s create a new webdriver
SLF4J: Failed to load class &quot;org.slf4j.impl.StaticLoggerBinder&quot;.
SLF4J: Defaulting to no-operation (NOP) logger implementation
SLF4J: See http://www.slf4j.org/codes.html#StaticLoggerBinder for further details.
Starting ChromeDriver 74.0.3729.6 (255758eccf3d244491b8a1317aa76e1ce10d57e9-refs/branch-heads/3729@{#29}) on port 28589
Only local connections are allowed.
Please protect ports used by ChromeDriver and related test frameworks to prevent access by malicious code.
авг 02, 2019 10:36:59 PM org.openqa.selenium.remote.ProtocolHandshake createSession
INFO: Detected dialect: OSS
авг 02, 2019 10:36:59 PM com.codeborne.selenide.webdriver.BrowserResizer adjustBrowserSize
INFO: Set browser size to 1366x768
авг 02, 2019 10:36:59 PM com.codeborne.selenide.webdriver.WebDriverFactory logBrowserVersion
INFO: BrowserName=chrome Version=74.0.3729.169 Platform=LINUX
авг 02, 2019 10:36:59 PM com.codeborne.selenide.webdriver.WebDriverFactory createWebDriver
INFO: Selenide v. 5.2.7
авг 02, 2019 10:36:59 PM com.codeborne.selenide.webdriver.WebDriverFactory logSeleniumInfo
INFO: Selenium WebDriver v. 3.141.59 build time: 2018-11-14T08:17:03
авг 02, 2019 10:36:59 PM com.codeborne.selenide.drivercommands.CreateDriverCommand createDriver
INFO: Create webdriver in current thread 1: ChromeDriver -&gt; ChromeDriver: chrome on LINUX (8f70ed977f5d13e1a6c266e99a2c08ba)
</system-err>
  </testcase>
</testsuite>